2024-03-25 12:19:57,957 ID: 5487, ADDRESS: Chandra Layout, Attiguppe,Bangalore,Chandra Layout, Attiguppe,Bangalore, LATITUDE: 12.9589913, LONGITUDE: 77.52733003
2024-03-25 12:19:57,957 ID: 9013, ADDRESS: Opel SquareHsg Soc,Nana Peth, Rasta Peth,Pune, LATITUDE: 18.5086519, LONGITUDE: 73.8420689
2024-03-25 12:19:57,957 ID: 1235, ADDRESS: Prince Ratnapuri Garden Residency,Kondithope, George Town,Chennai, LATITUDE: 13.0920917, LONGITUDE: 80.2822426
2024-03-25 12:19:57,957 ID: 2653, ADDRESS: ASN Galaxy,Horamavu, Bangalore, LATITUDE: 13.0273312, LONGITUDE: 77.6601508
2024-03-25 12:19:57,957 ID: 3811, ADDRESS: Kalkere, Bangalore,Kalkere, Bangalore, LATITUDE: 13.0350897, LONGITUDE: 77.6738079
2024-03-25 12:19:57,957 ID: 5909, ADDRESS: Mahindra Great Eastern Links,Mahatma Jyotiba Phule Nagar, Jogeshwari West,Mumbai, LATITUDE: 19.0118362, LONGITUDE: 73.0146313
2024-03-25 12:19:57,957 ID: 2481, ADDRESS: Kumar Princetown,Shetty Halli, Jalahalli West,Bangalore, LATITUDE: 13.0502833, LONGITUDE: 77.525675
2024-03-25 12:19:57,957 ID: 3826, ADDRESS: Ranka Colony,Bannerughatta, Bangalore, LATITUDE: 12.815581, LONGITUDE: 77.5832882
2024-03-25 12:19:57,957 ID: 4319, ADDRESS: Bettadasanapura, Bangalore,Bettadasanapura, Bangalore, LATITUDE: 12.8475411, LONGITUDE: 77.6497063
2024-03-25 12:19:57,957 ID: 1430, ADDRESS: Shiyam Thirth,Villivakkam, Chennai, LATITUDE: 13.1125875, LONGITUDE: 80.2081378
2024-03-25 12:19:57,957 ID: 3768, ADDRESS: Sattva Laurel Heights,Jalahalli West, Bangalore, LATITUDE: 13.0533332, LONGITUDE: 77.5306036
2024-03-25 12:19:57,957 ID: 10244, ADDRESS: DDA Flat,Kalu Sarai, New Delhi, LATITUDE: 28.5437455, LONGITUDE: 77.1985913
2024-03-25 12:19:57,957 ID: 2927, ADDRESS: Century Celeste,Nehru Nagar, Bangalore, LATITUDE: 12.9046005, LONGITUDE: 77.5210576
2024-03-25 12:19:57,957 ID: 10154, ADDRESS: Hari Enclave, Hari Nagar,New Delhi,Hari Enclave, Hari Nagar,New Delhi, LATITUDE: 28.6296489, LONGITUDE: 77.1119344
2024-03-25 12:19:57,957 ID: 7516, ADDRESS:  Moor Avenue,Vivekananda Nagar, Ashok Nagar,Kolkata, LATITUDE: 22.4845459, LONGITUDE: 88.3469837
2024-03-25 12:19:57,957 ID: 1592, ADDRESS: Urban Tree Oxygen,Achugam Nagar, Gandhi Nagar,Chennai, LATITUDE: 13.0412679, LONGITUDE: 80.1871827
2024-03-25 12:19:57,957 ID: 6364, ADDRESS: New Tilak Nagar chembur ,Indira Nagar, Chembur,Mumbai,New Tilak Nagar chembur ,Indira Nagar, Chembur,Mumbai, LATITUDE: 19.0626319, LONGITUDE: 72.9011399
2024-03-25 12:19:57,957 ID: 7898, ADDRESS: SRK Spring Hills,Dhankawadi, Pune, LATITUDE: 18.4652208, LONGITUDE: 73.8495579
2024-03-25 12:19:57,957 ID: 3275, ADDRESS: Laxmipura, Bangalore,Laxmipura, Bangalore, LATITUDE: 13.0371308, LONGITUDE: 77.4612093
2024-03-25 12:19:57,957 ID: 9043, ADDRESS: Sangamvadi, Pune,Sangamvadi, Pune, LATITUDE: 18.5409571, LONGITUDE: 73.8642171
2024-03-25 12:19:57,957 ID: 8603, ADDRESS: Indira Nagar, Dhanori,Pune,Indira Nagar, Dhanori,Pune, LATITUDE: 18.5906707, LONGITUDE: 73.8913189
2024-03-25 12:19:57,957 ID: 1865, ADDRESS: Maxworth Nagar Phase 1, Kolapakkam,Chennai,Maxworth Nagar Phase 1, Kolapakkam,Chennai, LATITUDE: 13.0141465, LONGITUDE: 80.1530806
2024-03-25 12:19:57,957 ID: 4096, ADDRESS: MR MR Shine Woods by MR Homes,Bannerughatta, Bangalore, LATITUDE: 12.815581, LONGITUDE: 77.5832882
2024-03-25 12:19:57,957 ID: 11335, ADDRESS:  Akshat Apartment,Mahipalpur Extension, Mahipalpur,New Delhi, LATITUDE: 28.5444849, LONGITUDE: 77.1256912
2024-03-25 12:19:57,957 ID: 5219, ADDRESS: Kaggadasapura, Bangalore,Kaggadasapura, Bangalore, LATITUDE: 12.9846713, LONGITUDE: 77.6790908
2024-03-25 12:19:57,957 ID: 6743, ADDRESS: Virar East, Mumbai,Virar East, Mumbai, LATITUDE: 19.0777344, LONGITUDE: 72.9003536
2024-03-25 12:19:57,957 ID: 9129, ADDRESS: Pune Okayama Friendship Garden, Dattavadi,Pune,Pune Okayama Friendship Garden, Dattavadi,Pune, LATITUDE: 18.4926895, LONGITUDE: 73.83691214
2024-03-25 12:19:57,957 ID: 1151, ADDRESS: Golden Treasure,Adayalampet, Maduravoyal,Chennai, LATITUDE: 13.0676355, LONGITUDE: 80.1783739
2024-03-25 12:19:57,957 ID: 1473, ADDRESS: Mookambigai Nagar, Kovur,Chennai,Mookambigai Nagar, Kovur,Chennai, LATITUDE: 13.0624906, LONGITUDE: 80.1853238
2024-03-25 12:19:57,957 ID: 4942, ADDRESS: Hongasandra, Bangalore,Hongasandra, Bangalore, LATITUDE: 12.8974892, LONGITUDE: 77.6250869
2024-03-25 12:19:57,957 ID: 7496, ADDRESS: Ambuja Upohar The Condoville,Pancha Sayar, Kolkata, LATITUDE: 22.4743672, LONGITUDE: 88.4005261
2024-03-25 12:19:57,957 ID: 10411, ADDRESS: Indra Park Palam,Palam, New Delhi,Indra Park Palam,Palam, New Delhi, LATITUDE: 18.98018255, LONGITUDE: 76.9545231
2024-03-25 12:19:57,957 ID: 11212, ADDRESS: DDA Flats ,Part 1, Mayur Vihar,New Delhi,DDA Flats ,Part 1, Mayur Vihar,New Delhi, LATITUDE: 28.5526792, LONGITUDE: 77.1738112
2024-03-25 12:19:57,957 ID: 8289, ADDRESS: A K Surana Sanskruti Homes ,Balewadi, Pune, LATITUDE: 18.5820266, LONGITUDE: 73.7689831
2024-03-25 12:19:57,957 ID: 1387, ADDRESS: ARRR's Pavithram,Kulattur, Chennai, LATITUDE: 13.020989, LONGITUDE: 80.1368908
2024-03-25 12:19:57,957 ID: 2783, ADDRESS: 99 Zameen Ashwini Homes,Green Woods Layout, Varanasi,Bangalore, LATITUDE: 12.92832615, LONGITUDE: 77.67039033
2024-03-25 12:19:57,957 ID: 5686, ADDRESS: Sunrise apartments ,Maruthi Nagar, Kothapet,Hyderabad,Sunrise apartments ,Maruthi Nagar, Kothapet,Hyderabad, LATITUDE: 17.3823029, LONGITUDE: 78.54426094
2024-03-25 12:19:57,957 ID: 8164, ADDRESS: Kumar Premier,Mangalwar Peth, Kasba Peth,Pune, LATITUDE: 18.5243388, LONGITUDE: 73.8592081
2024-03-25 12:19:57,957 ID: 7421, ADDRESS: Sikdar Para, Behala,Kolkata,Sikdar Para, Behala,Kolkata, LATITUDE: 22.5854474, LONGITUDE: 88.3569243
2024-03-25 12:19:57,957 ID: 11132, ADDRESS: JJ Colony No 2, Nangloi,New Delhi,JJ Colony No 2, Nangloi,New Delhi, LATITUDE: 28.74991765, LONGITUDE: 77.15662323
2024-03-25 12:19:57,957 ID: 10131, ADDRESS: DDA MIG Flats,Vivek Vihar, New Delhi, LATITUDE: 28.5695828, LONGITUDE: 77.1846278
2024-03-25 12:19:57,957 ID: 7292, ADDRESS: Park Terrace,Dum Dum Park, Kolkata,Park Terrace,Dum Dum Park, Kolkata, LATITUDE: 22.6206549, LONGITUDE: 88.39327944
2024-03-25 12:19:57,957 ID: 3398, ADDRESS: Srinivasa Nagar, Banashankari,Bangalore,Srinivasa Nagar, Banashankari,Bangalore, LATITUDE: 12.9381755, LONGITUDE: 77.5566628
2024-03-25 12:19:57,957 ID: 3329, ADDRESS: Kodathi, Bangalore,Kodathi, Bangalore, LATITUDE: 12.89544965, LONGITUDE: 77.70445984
2024-03-25 12:19:57,957 ID: 1761, ADDRESS: AKS Sunstone,Nolambur, Ambattur Industrial Estate,Chennai, LATITUDE: 13.0996142, LONGITUDE: 80.1699229
2024-03-25 12:19:57,957 ID: 5368, ADDRESS: Nanjamba Agrahara, Chamrajpet,Bangalore,Nanjamba Agrahara, Chamrajpet,Bangalore, LATITUDE: 12.9595089, LONGITUDE: 77.5709895
2024-03-25 12:19:57,957 ID: 9551, ADDRESS: Unnatinagar, Hadapsar,Pune,Unnatinagar, Hadapsar,Pune, LATITUDE: 18.526967, LONGITUDE: 73.9278252
2024-03-25 12:19:57,957 ID: 8592, ADDRESS: Dattakrupa Apartments,Budhwar Peth, Pune, LATITUDE: 18.5175599, LONGITUDE: 73.858037
2024-03-25 12:19:57,957 ID: 10182, ADDRESS: Jamia Nagar, New Delhi,Jamia Nagar, New Delhi, LATITUDE: 28.64308585, LONGITUDE: 77.21926706
2024-03-25 12:19:57,957 ID: 10071, ADDRESS: DDA MIG Flat,Sector 7B, Sector 7 Rohini,New Delhi, LATITUDE: 28.7149569, LONGITUDE: 77.115385
2024-03-25 12:19:57,957 ID: 10194, ADDRESS: Sector E Pocket 2,Sector D, Vasant Kunj,New Delhi,Sector E Pocket 2,Sector D, Vasant Kunj,New Delhi, LATITUDE: 28.574272, LONGITUDE: 77.0653316
2024-03-25 12:19:57,957 ID: 6238, ADDRESS: Shilpa Tower,Lower Parel, Mumbai, LATITUDE: 19.0029881, LONGITUDE: 72.8303219
2024-03-25 12:19:57,957 ID: 4854, ADDRESS: Nanja Reddy Colony, Jeevanbheemanagar,Bangalore,Nanja Reddy Colony, Jeevanbheemanagar,Bangalore, LATITUDE: 12.9617767, LONGITUDE: 77.6567503
2024-03-25 12:19:57,957 ID: 10666, ADDRESS: Classic Apartments,Sector 12 Dwarka, New Delhi,Classic Apartments,Sector 12 Dwarka, New Delhi, LATITUDE: 28.59573955, LONGITUDE: 77.06614911
2024-03-25 12:19:57,957 ID: 3202, ADDRESS: Shriram Surabhi by Shriram Properties Limited,Mallasandra, Bangalore, LATITUDE: 13.003125, LONGITUDE: 77.3942408
2024-03-25 12:19:57,957 ID: 3801, ADDRESS: kolathur,Kothanur, Bangalore,kolathur,Kothanur, Bangalore, LATITUDE: 13.0613601, LONGITUDE: 77.6493895
2024-03-25 12:19:57,957 ID: 4418, ADDRESS: Lottegollahalli, RMV Extension Stage 2,Bangalore,Lottegollahalli, RMV Extension Stage 2,Bangalore, LATITUDE: 13.0360109, LONGITUDE: 77.5695288
2024-03-25 12:19:57,957 ID: 4214, ADDRESS: Stage 2, BTM Layout,Bangalore,Stage 2, BTM Layout,Bangalore, LATITUDE: 12.9140082, LONGITUDE: 77.607945
2024-03-25 12:19:57,957 ID: 3700, ADDRESS: Malleswaram, Bangalore,Malleswaram, Bangalore, LATITUDE: 13.0027353, LONGITUDE: 77.5703253
2024-03-25 12:19:57,957 ID: 1758, ADDRESS: Thirunagar, Jafferkhanpet,Chennai,Thirunagar, Jafferkhanpet,Chennai, LATITUDE: 13.0299401, LONGITUDE: 80.2056195
2024-03-25 12:19:57,957 ID: 8701, ADDRESS: Nilanjali Society, Kalyani Nagar,Pune,Nilanjali Society, Kalyani Nagar,Pune, LATITUDE: 18.546037, LONGITUDE: 73.9022931
2024-03-25 12:19:57,957 ID: 5867, ADDRESS: Vijay apartments 12,Vijaya Gardens, Nagole,Hyderabad,Vijay apartments 12,Vijaya Gardens, Nagole,Hyderabad, LATITUDE: 17.4297312, LONGITUDE: 78.52999882
2024-03-25 12:19:57,957 ID: 4474, ADDRESS: Anchepet, Chickpete,Bangalore,Anchepet, Chickpete,Bangalore, LATITUDE: 12.9701392, LONGITUDE: 77.5775301
2024-03-25 12:19:57,957 ID: 7954, ADDRESS: Kolte Patil Rose Wood,Kad Nagar, Undri,Pune, LATITUDE: 30.8212898, LONGITUDE: 76.6538429
2024-03-25 12:19:57,957 ID: 4037, ADDRESS: Mariyannapalya, Hebbal Kempapura,Bangalore,Mariyannapalya, Hebbal Kempapura,Bangalore, LATITUDE: 13.0496616, LONGITUDE: 77.5925984
2024-03-25 12:19:57,957 ID: 5696, ADDRESS: Spectra Metro Heights,Mamatha Nagar Colony, Nagole,Hyderabad, LATITUDE: 17.3816253, LONGITUDE: 78.5610952
2024-03-25 12:19:57,957 ID: 10546, ADDRESS: Gautam Nagar, New Delhi,Gautam Nagar, New Delhi, LATITUDE: 19.0602622, LONGITUDE: 72.9154444
2024-03-25 12:19:57,957 ID: 6805, ADDRESS: Dongri, Uttan,Mumbai,Dongri, Uttan,Mumbai, LATITUDE: 19.1231523, LONGITUDE: 72.8599912
2024-03-25 12:19:57,957 ID: 4820, ADDRESS: Rayasandra, Bangalore,Rayasandra, Bangalore, LATITUDE: 12.9448546, LONGITUDE: 77.4673094
2024-03-25 12:19:57,957 ID: 6690, ADDRESS: Malvani, Malad West,Mumbai,Malvani, Malad West,Mumbai, LATITUDE: 19.1840129, LONGITUDE: 72.8412155
2024-03-25 12:19:57,957 ID: 6704, ADDRESS: Vasai East Salt Plant, Vasai East,Mumbai,Vasai East Salt Plant, Vasai East,Mumbai, LATITUDE: 19.030884, LONGITUDE: 73.0433332
2024-03-25 12:19:57,957 ID: 6986, ADDRESS: Larica Township,Barasat, Kolkata, LATITUDE: 22.7169479, LONGITUDE: 88.48102192
2024-03-25 12:19:57,957 ID: 4723, ADDRESS: Seegehalli, Bangalore,Seegehalli, Bangalore, LATITUDE: 13.0164845, LONGITUDE: 77.71748
2024-03-25 12:19:57,957 ID: 4486, ADDRESS: RJR Laguna,8th Phase, JP Nagar,Bangalore, LATITUDE: 12.9102634, LONGITUDE: 77.5951992
2024-03-25 12:19:57,957 ID: 10793, ADDRESS: Galaxy Apartment,West End Greens, Rangpuri,New Delhi, LATITUDE: 28.5244445, LONGITUDE: 77.1121694
2024-03-25 12:19:57,957 ID: 5891, ADDRESS: Daga Sofrance Wing B,Kannamwa, Ghatkopar East,Mumbai, LATITUDE: 19.0834898, LONGITUDE: 72.9120255
2024-03-25 12:19:57,957 ID: 10399, ADDRESS: Narmada Apartments,Greater Kailash I, New Delhi, LATITUDE: 28.557032, LONGITUDE: 77.2327676
2024-03-25 12:19:57,957 ID: 5113, ADDRESS: Chandra Nagar, Kumaraswamy Layout,Bangalore,Chandra Nagar, Kumaraswamy Layout,Bangalore, LATITUDE: 12.9081487, LONGITUDE: 77.5553179
2024-03-25 12:19:57,957 ID: 2655, ADDRESS: Kanaka Nagar, Hebbal,Bangalore,Kanaka Nagar, Hebbal,Bangalore, LATITUDE: 13.0357115, LONGITUDE: 77.5966914
2024-03-25 12:19:57,957 ID: 1186, ADDRESS: VGN Coasta,Muttukadu, Chennai, LATITUDE: 13.1195133, LONGITUDE: 79.1228074
2024-03-25 12:19:57,957 ID: 5354, ADDRESS: Shirke Apartments,Self Financed Society 208 Colony, Yelahanka New Town,Bangalore, LATITUDE: 13.1003315, LONGITUDE: 77.5700827
2024-03-25 12:19:57,957 ID: 4396, ADDRESS: 62 pancha,Doddabidrakallu, Bangalore,62 pancha,Doddabidrakallu, Bangalore, LATITUDE: 8.1090705, LONGITUDE: 77.5367374
2024-03-25 12:19:57,957 ID: 10549, ADDRESS: DDA Flats,Sector 35 Rohini, New Delhi, LATITUDE: 28.71334095, LONGITUDE: 77.11890973
2024-03-25 12:19:57,957 ID: 1443, ADDRESS: Venus Nest Apartments by Venus Foundations Pvt Ltd,Vigneshwara Nagar, Tharapakkam,Chennai, LATITUDE: 13.0913925, LONGITUDE: 80.2650442
2024-03-25 12:19:57,957 ID: 9622, ADDRESS: Vijay Nagar, Dighi,Pune,Vijay Nagar, Dighi,Pune, LATITUDE: 18.584317, LONGITUDE: 73.815494
2024-03-25 12:19:57,957 ID: 3148, ADDRESS: Moudgal Homes,Kumara Park West, Sheshadripuram,Bangalore, LATITUDE: 12.9905183, LONGITUDE: 77.5746046
2024-03-25 12:19:57,957 ID: 2542, ADDRESS: Icon Iconest,RK Township, Bommasandra,Bangalore, LATITUDE: 12.8039187, LONGITUDE: 77.67197495
2024-03-25 12:19:57,957 ID: 8209, ADDRESS: Alcon Renaissant,Tulaja Bhawani Nagar, Kharadi,Pune, LATITUDE: 18.4795402, LONGITUDE: 73.8283026
2024-03-25 12:19:57,957 ID: 6559, ADDRESS: Adityaraj Saphalya,Railway Police Colony, Ghatkopar East,Mumbai, LATITUDE: 19.0779, LONGITUDE: 72.9144
2024-03-25 12:19:57,957 ID: 3462, ADDRESS: Sai Nivas,Ramanagara, Bangalore, LATITUDE: 12.7295403, LONGITUDE: 77.28174
2024-03-25 12:19:57,957 ID: 5047, ADDRESS: Kengeri Hobli, Bangalore,Kengeri Hobli, Bangalore, LATITUDE: 12.9188323, LONGITUDE: 77.43815315
2024-03-25 12:19:57,957 ID: 3021, ADDRESS: Veer Sandra, Electronic City,Bangalore,Veer Sandra, Electronic City,Bangalore, LATITUDE: 12.8416903, LONGITUDE: 77.68032669
2024-03-25 12:19:57,957 ID: 3140, ADDRESS: Ittina Abby,LBS Nagar, Vimanapura,Bangalore, LATITUDE: 12.9764755, LONGITUDE: 77.6322716
2024-03-25 12:19:57,957 ID: 6766, ADDRESS: Sai Nagar, Kandivali West,Mumbai,Sai Nagar, Kandivali West,Mumbai, LATITUDE: 19.0453674, LONGITUDE: 72.8580585
2024-03-25 12:19:57,957 ID: 2184, ADDRESS: DSMAX SUNRISE,Kithaganur Village, Bangalore, LATITUDE: 13.0374788, LONGITUDE: 77.7103158
2024-03-25 12:19:57,957 ID: 11305, ADDRESS: Kohli Westend Greens,Vishal Enclave, Tagore Garden Extension,New Delhi, LATITUDE: 28.6484714, LONGITUDE: 77.1204602
2024-03-25 12:19:57,957 ID: 10773, ADDRESS: Bulding F 523,Khadda Colony, Jaitpur,New Delhi, LATITUDE: 28.61011765, LONGITUDE: 77.23437699
2024-03-25 12:19:57,957 ID: 9407, ADDRESS: Vasundhara,Baramati, Pune, LATITUDE: 18.1478834, LONGITUDE: 74.5733979
2024-03-25 12:19:57,957 ID: 2130, ADDRESS: Ayyappa Nagar, Krishnarajapura,Bangalore,Ayyappa Nagar, Krishnarajapura,Bangalore, LATITUDE: 13.0042884, LONGITUDE: 77.7099467
2024-03-25 12:19:57,957 ID: 6236, ADDRESS: Konark Alpha Residency,Govind Nagar, Borivali West,Mumbai, LATITUDE: 19.2341776, LONGITUDE: 72.8513691
